<?xml version="1.0" encoding="UTF-8"?>
<!-- Generated by org.testng.reporters.JUnitReportReporter -->
<testsuite hostname="Yuriy" name="org.xdi.oxauth.interop.CanMakeAccessTokenRequestWithClientSecretBasicAuthentication" tests="1" failures="0" timestamp="1 Apr 2015 17:08:11 GMT" time="3.636" errors="0">
  <testcase name="canMakeAccessTokenRequestWithClientSecretBasicAuthentication" time="3.636" classname="org.xdi.oxauth.interop.CanMakeAccessTokenRequestWithClientSecretBasicAuthentication"/>
</testsuite> <!-- org.xdi.oxauth.interop.CanMakeAccessTokenRequestWithClientSecretBasicAuthentication -->
