<?xml version="1.0" encoding="UTF-8"?>
<!-- Generated by org.testng.reporters.JUnitReportReporter -->
<testsuite hostname="Yuriy" name="org.xdi.oxauth.interop.CanRequestAndUseSignedUserInfoResponse" tests="1" failures="0" timestamp="1 Apr 2015 09:43:27 GMT" time="2.960" errors="0">
  <testcase name="canRequestAndUseSignedUserInfoResponse" time="2.960" classname="org.xdi.oxauth.interop.CanRequestAndUseSignedUserInfoResponse"/>
</testsuite> <!-- org.xdi.oxauth.interop.CanRequestAndUseSignedUserInfoResponse -->
