<?xml version="1.0" encoding="UTF-8"?>
<!-- Generated by org.testng.reporters.JUnitReportReporter -->
<testsuite hostname="Yuriy" name="org.xdi.oxauth.ws.rs.TokenEncryptionHttpTest" tests="1" failures="1" timestamp="1 Apr 2015 08:13:47 GMT" time="68.390" errors="0">
  <testcase name="requestIdTokenAlgRSA15EncA256CBCPLUSHS512" time="68.390" classname="org.xdi.oxauth.ws.rs.TokenEncryptionHttpTest">
    <failure type="org.xdi.oxauth.model.exception.InvalidJweException" message="java.security.InvalidKeyException: Illegal key size">
      <![CDATA[org.xdi.oxauth.model.exception.InvalidJweException: java.security.InvalidKeyException: Illegal key size
	at org.xdi.oxauth.model.jwe.JweDecrypterImpl.decryptCipherText(JweDecrypterImpl.java:218)
	at org.xdi.oxauth.model.jwe.AbstractJweDecrypter.decrypt(AbstractJweDecrypter.java:83)
	at org.xdi.oxauth.model.jwe.Jwe.parse(Jwe.java:109)
	at org.xdi.oxauth.ws.rs.TokenEncryptionHttpTest.requestIdTokenAlgRSA15EncA256CBCPLUSHS512(TokenEncryptionHttpTest.java:227)
	at sun.reflect.NativeMethodAccessorImpl.invoke0(Native Method)
	at sun.reflect.NativeMethodAccessorImpl.invoke(NativeMethodAccessorImpl.java:57)
	at sun.reflect.DelegatingMethodAccessorImpl.invoke(DelegatingMethodAccessorImpl.java:43)
	at java.lang.reflect.Method.invoke(Method.java:606)
	at org.testng.internal.MethodInvocationHelper.invokeMethod(MethodInvocationHelper.java:84)
	at org.testng.internal.Invoker.invokeMethod(Invoker.java:714)
	at org.testng.internal.Invoker.invokeTestMethod(Invoker.java:901)
	at org.testng.internal.Invoker.invokeTestMethods(Invoker.java:1231)
	at org.testng.internal.TestMethodWorker.invokeTestMethods(TestMethodWorker.java:127)
	at org.testng.internal.TestMethodWorker.run(TestMethodWorker.java:111)
	at org.testng.TestRunner.privateRun(TestRunner.java:767)
	at org.testng.TestRunner.run(TestRunner.java:617)
	at org.testng.SuiteRunner.runTest(SuiteRunner.java:334)
	at org.testng.SuiteRunner.runSequentially(SuiteRunner.java:329)
	at org.testng.SuiteRunner.privateRun(SuiteRunner.java:291)
	at org.testng.SuiteRunner.run(SuiteRunner.java:240)
	at org.testng.SuiteRunnerWorker.runSuite(SuiteRunnerWorker.java:52)
	at org.testng.SuiteRunnerWorker.run(SuiteRunnerWorker.java:86)
	at org.testng.TestNG.runSuitesSequentially(TestNG.java:1224)
	at org.testng.TestNG.runSuitesLocally(TestNG.java:1149)
	at org.testng.TestNG.run(TestNG.java:1057)
	at org.testng.remote.RemoteTestNG.run(RemoteTestNG.java:111)
	at org.testng.remote.RemoteTestNG.initAndRun(RemoteTestNG.java:204)
	at org.testng.remote.RemoteTestNG.main(RemoteTestNG.java:175)
Caused by: java.security.InvalidKeyException: Illegal key size
	at javax.crypto.Cipher.checkCryptoPerm(Cipher.java:1024)
	at javax.crypto.Cipher.implInit(Cipher.java:790)
	at javax.crypto.Cipher.chooseProvider(Cipher.java:849)
	at javax.crypto.Cipher.init(Cipher.java:1348)
	at javax.crypto.Cipher.init(Cipher.java:1282)
	at org.xdi.oxauth.model.jwe.JweDecrypterImpl.decryptCipherText(JweDecrypterImpl.java:181)
	... 27 more
]]>
    </failure>
  </testcase> <!-- requestIdTokenAlgRSA15EncA256CBCPLUSHS512 -->
</testsuite> <!-- org.xdi.oxauth.ws.rs.TokenEncryptionHttpTest -->
