<?xml version="1.0" encoding="UTF-8"?>
<!-- Generated by org.testng.reporters.JUnitReportReporter -->
<testsuite hostname="Yuriy" name="org.xdi.oxauth.ws.rs.RegistrationRestWebServiceHttpTest" tests="1" failures="0" timestamp="1 Apr 2015 08:44:29 GMT" time="0.209" errors="0">
  <testcase name="requestClientAssociate2" time="0.209" classname="org.xdi.oxauth.ws.rs.RegistrationRestWebServiceHttpTest"/>
</testsuite> <!-- org.xdi.oxauth.ws.rs.RegistrationRestWebServiceHttpTest -->
